SF:lib/src/models/subscription.g.dart
DA:11,1
DA:12,1
DA:15,1
DA:16,1
DA:17,2
DA:18,2
DA:19,2
DA:20,2
DA:22,2
DA:23,2
DA:25,2
DA:26,2
LF:12
LH:12
end_of_record
SF:lib/src/models/subscription.dart
DA:12,2
DA:23,1
DA:24,1
DA:53,0
DA:56,0
LF:5
LH:3
end_of_record
SF:lib/src/models/user.dart
DA:15,2
DA:30,1
DA:31,1
DA:71,0
DA:73,0
LF:5
LH:3
end_of_record
SF:lib/src/models/user.g.dart
DA:11,1
DA:12,2
DA:13,1
DA:14,2
DA:15,2
DA:16,2
DA:17,2
DA:18,2
DA:19,2
DA:20,2
DA:21,2
DA:22,2
DA:24,2
DA:26,2
DA:27,1
DA:30,1
DA:31,2
DA:33,1
DA:34,1
LF:19
LH:19
end_of_record
SF:lib/src/user_api.dart
DA:21,1
DA:22,1
DA:27,1
DA:34,2
DA:35,1
DA:38,1
DA:42,2
DA:43,1
DA:45,2
DA:46,1
DA:47,1
DA:49,2
LF:12
LH:12
end_of_record
SF:lib/src/user_helper.dart
DA:5,0
DA:6,0
DA:8,0
DA:13,0
DA:15,0
DA:28,1
DA:37,0
DA:43,1
DA:49,2
DA:53,0
DA:59,0
DA:60,0
DA:61,0
LF:13
LH:3
end_of_record
